e:\主数据库\编程\方案v5\pcmgr\taskmgrcore\debug\pcmgrcore32.pch
e:\主数据库\编程\方案v5\pcmgr\taskmgrcore\debug\vc140.pdb
e:\主数据库\编程\方案v5\pcmgr\taskmgrcore\debug\vc140.idb
e:\主数据库\编程\方案v5\pcmgr\taskmgrcore\debug\stdafx.obj
e:\主数据库\编程\方案v5\pcmgr\taskmgrcore\debug\dllmain.obj
e:\主数据库\编程\方案v5\pcmgr\taskmgrcore\debug\mapphlp.obj
e:\主数据库\编程\方案v5\pcmgr\taskmgrcore\debug\prochlp.obj
e:\主数据库\编程\方案v5\pcmgr\taskmgrcore\debug\taskmgrcore.obj
e:\主数据库\编程\方案v5\pcmgr\taskmgrcore\debug\thdhlp.obj
e:\主数据库\编程\方案v5\pcmgr\taskmgrcore\debug\vprocx.obj
e:\主数据库\编程\方案v5\pcmgr\debug\pcmgrcore32.ilk
e:\主数据库\编程\方案v5\pcmgr\debug\pcmgrcore32.dll
e:\主数据库\编程\方案v5\pcmgr\debug\pcmgrcore32.pdb
e:\主数据库\编程\方案v5\pcmgr\debug\pcmgrcore32.lib
e:\主数据库\编程\方案v5\pcmgr\debug\pcmgrcore32.exp
e:\主数据库\编程\方案v5\pcmgr\taskmgrcore\debug\taskmgrcore.res
e:\主数据库\编程\方案v5\pcmgr\taskmgrcore\debug\pcmgrcore.tlog\cl.command.1.tlog
e:\主数据库\编程\方案v5\pcmgr\taskmgrcore\debug\pcmgrcore.tlog\cl.read.1.tlog
e:\主数据库\编程\方案v5\pcmgr\taskmgrcore\debug\pcmgrcore.tlog\cl.write.1.tlog
e:\主数据库\编程\方案v5\pcmgr\taskmgrcore\debug\pcmgrcore.tlog\link.command.1.tlog
e:\主数据库\编程\方案v5\pcmgr\taskmgrcore\debug\pcmgrcore.tlog\link.read.1.tlog
e:\主数据库\编程\方案v5\pcmgr\taskmgrcore\debug\pcmgrcore.tlog\link.write.1.tlog
e:\主数据库\编程\方案v5\pcmgr\taskmgrcore\debug\pcmgrcore.tlog\pcmgrcore.write.1u.tlog
e:\主数据库\编程\方案v5\pcmgr\taskmgrcore\debug\pcmgrcore.tlog\rc.command.1.tlog
e:\主数据库\编程\方案v5\pcmgr\taskmgrcore\debug\pcmgrcore.tlog\rc.read.1.tlog
e:\主数据库\编程\方案v5\pcmgr\taskmgrcore\debug\pcmgrcore.tlog\rc.write.1.tlog
