e:\主数据库\编程\方案v5\taskmgr\taskmgrcore\debug\taskmgrcore32.pch
e:\主数据库\编程\方案v5\taskmgr\taskmgrcore\debug\vc140.pdb
e:\主数据库\编程\方案v5\taskmgr\taskmgrcore\debug\vc140.idb
e:\主数据库\编程\方案v5\taskmgr\taskmgrcore\debug\stdafx.obj
e:\主数据库\编程\方案v5\taskmgr\taskmgrcore\debug\dllmain.obj
e:\主数据库\编程\方案v5\taskmgr\taskmgrcore\debug\mapphlp.obj
e:\主数据库\编程\方案v5\taskmgr\taskmgrcore\debug\prochlp.obj
e:\主数据库\编程\方案v5\taskmgr\taskmgrcore\debug\taskmgrcore.obj
e:\主数据库\编程\方案v5\taskmgr\taskmgrcore\debug\vprocx.obj
e:\主数据库\编程\方案v5\taskmgr\taskmgrcore\debug\thdhlp.obj
e:\主数据库\编程\方案v5\taskmgr\debug\taskmgrcore32.ilk
e:\主数据库\编程\方案v5\taskmgr\debug\taskmgrcore32.dll
e:\主数据库\编程\方案v5\taskmgr\debug\taskmgrcore32.pdb
e:\主数据库\编程\方案v5\taskmgr\taskmgrcore\debug\taskmgrcore.res
e:\主数据库\编程\方案v5\taskmgr\debug\taskmgrcore32.lib
e:\主数据库\编程\方案v5\taskmgr\debug\taskmgrcore32.exp
e:\主数据库\编程\方案v5\taskmgr\taskmgrcore\debug\taskmgrcore.tlog\cl.command.1.tlog
e:\主数据库\编程\方案v5\taskmgr\taskmgrcore\debug\taskmgrcore.tlog\cl.read.1.tlog
e:\主数据库\编程\方案v5\taskmgr\taskmgrcore\debug\taskmgrcore.tlog\cl.write.1.tlog
e:\主数据库\编程\方案v5\taskmgr\taskmgrcore\debug\taskmgrcore.tlog\link.command.1.tlog
e:\主数据库\编程\方案v5\taskmgr\taskmgrcore\debug\taskmgrcore.tlog\link.read.1.tlog
e:\主数据库\编程\方案v5\taskmgr\taskmgrcore\debug\taskmgrcore.tlog\link.write.1.tlog
e:\主数据库\编程\方案v5\taskmgr\taskmgrcore\debug\taskmgrcore.tlog\rc.command.1.tlog
e:\主数据库\编程\方案v5\taskmgr\taskmgrcore\debug\taskmgrcore.tlog\rc.read.1.tlog
e:\主数据库\编程\方案v5\taskmgr\taskmgrcore\debug\taskmgrcore.tlog\rc.write.1.tlog
e:\主数据库\编程\方案v5\taskmgr\taskmgrcore\debug\taskmgrcore.tlog\taskmgrcore.write.1u.tlog
